<?xml version="1.0" encoding="UTF-8"?>
<!-- Generated by org.testng.reporters.JUnitReportReporter -->
<testsuite skipped="0" hostname="Ghazalas-MacBook-Pro.local" name="iOS_Automation.Click_0n_StationFinder" tests="1" failures="0" timestamp="05 Dec 2017 20:05:20 GMT" time="85.899" errors="0">
  <testcase name="click_on_station_finder" time="85.899" classname="iOS_Automation.Click_0n_StationFinder"/>
</testsuite> <!-- iOS_Automation.Click_0n_StationFinder -->
