<?xml version="1.0" encoding="UTF-8"?>
<!-- Generated by org.testng.reporters.JUnitReportReporter -->
<testsuite skipped="0" hostname="Ghazalas-MacBook-Pro.local" name="android_Automation.History_Select_Date" tests="1" failures="0" timestamp="28 Mar 2018 12:15:30 GMT" time="69.179" errors="0">
  <testcase name="Select_Date" time="69.179" classname="android_Automation.History_Select_Date"/>
</testsuite> <!-- android_Automation.History_Select_Date -->
