<?xml version="1.0" encoding="UTF-8"?>
<!-- Generated by org.testng.reporters.JUnitReportReporter -->
<testsuite skipped="0" hostname="Ghazalas-MacBook-Pro.local" name="iOS_Automation.Verify_StationFilter" tests="1" failures="0" timestamp="02 Jan 2018 07:38:46 GMT" time="159.330" errors="0">
  <testcase name="Search_Location" time="159.330" classname="iOS_Automation.Verify_StationFilter"/>
</testsuite> <!-- iOS_Automation.Verify_StationFilter -->
