<?xml version="1.0" encoding="UTF-8"?>
<!-- Generated by org.testng.reporters.JUnitReportReporter -->
<testsuite skipped="0" hostname="Ghazalas-MacBook-Pro.local" name="android_Automation.Click_History_Date_Cancel" tests="1" failures="0" timestamp="28 Mar 2018 12:50:57 GMT" time="63.979" errors="0">
  <testcase name="History_Date" time="63.979" classname="android_Automation.Click_History_Date_Cancel"/>
</testsuite> <!-- android_Automation.Click_History_Date_Cancel -->
