<?xml version="1.0" encoding="UTF-8"?>
<!-- Generated by org.testng.reporters.JUnitReportReporter -->
<testsuite skipped="0" hostname="Ghazalas-MacBook-Pro.local" name="iOS_Automation.Filter_Autolavado" tests="1" failures="0" timestamp="13 Dec 2017 13:53:21 GMT" time="162.432" errors="0">
  <testcase name="Search_Location" time="162.432" classname="iOS_Automation.Filter_Autolavado"/>
</testsuite> <!-- iOS_Automation.Filter_Autolavado -->
