<?xml version="1.0" encoding="UTF-8"?>
<!-- Generated by org.testng.reporters.JUnitReportReporter -->
<testsuite skipped="0" hostname="Ghazalas-MacBook-Pro.local" name="iOS_Automation.Click_On_History_Select_Date" tests="1" failures="0" timestamp="02 Jan 2018 06:25:15 GMT" time="132.351" errors="0">
  <testcase name="click_on_History" time="132.351" classname="iOS_Automation.Click_On_History_Select_Date"/>
</testsuite> <!-- iOS_Automation.Click_On_History_Select_Date -->
