<?xml version="1.0" encoding="UTF-8"?>
<!-- Generated by org.testng.reporters.JUnitReportReporter -->
<testsuite skipped="0" hostname="Ghazalas-MacBook-Pro.local" name="android_Automation.randomQA" tests="1" failures="0" timestamp="09 Jan 2019 19:19:12 GMT" time="80.613" errors="0">
  <testcase name="verifyRandomQA" time="80.613" classname="android_Automation.randomQA"/>
</testsuite> <!-- android_Automation.randomQA -->
