<?xml version="1.0" encoding="UTF-8"?>
<!-- Generated by org.testng.reporters.JUnitReportReporter -->
<testsuite skipped="0" hostname="Ghazalas-MacBook-Pro.local" name="android_Automation.Filtros_Filter_Tienda_de_autoservicio" tests="1" failures="0" timestamp="18 Jan 2018 18:47:20 GMT" time="78.883" errors="0">
  <testcase name="Filter_Tienda_de_autoservicio" time="78.883" classname="android_Automation.Filtros_Filter_Tienda_de_autoservicio"/>
</testsuite> <!-- android_Automation.Filtros_Filter_Tienda_de_autoservicio -->
