<?xml version="1.0" encoding="UTF-8"?>
<!-- Generated by org.testng.reporters.JUnitReportReporter -->
<testsuite skipped="0" hostname="Ghazalas-MacBook-Pro.local" name="android_Automation.Login" tests="1" failures="0" timestamp="15 Jan 2018 12:06:53 GMT" time="54.733" errors="0">
  <testcase name="Login_BPmeMEX" time="54.733" classname="android_Automation.Login"/>
</testsuite> <!-- android_Automation.Login -->
