<?xml version="1.0" encoding="UTF-8"?>
<!-- Generated by org.testng.reporters.JUnitReportReporter -->
<testsuite skipped="0" hostname="Ghazalas-MacBook-Pro.local" name="iOS_Automation.StationFinder_SearchLocation" tests="1" failures="0" timestamp="02 Jan 2018 07:43:10 GMT" time="158.512" errors="0">
  <testcase name="Search_Location" time="158.512" classname="iOS_Automation.StationFinder_SearchLocation"/>
</testsuite> <!-- iOS_Automation.StationFinder_SearchLocation -->
