<?xml version="1.0" encoding="UTF-8"?>
<!-- Generated by org.testng.reporters.JUnitReportReporter -->
<testsuite skipped="0" hostname="Ghazalas-MacBook-Pro.local" name="android_Automation.Click_History_RESTABLECER" tests="1" failures="0" timestamp="28 Mar 2018 12:49:00 GMT" time="63.258" errors="0">
  <testcase name="History_Restablecer" time="63.258" classname="android_Automation.Click_History_RESTABLECER"/>
</testsuite> <!-- android_Automation.Click_History_RESTABLECER -->
