<?xml version="1.0" encoding="UTF-8"?>
<!-- Generated by org.testng.reporters.JUnitReportReporter -->
<testsuite skipped="0" hostname="Ghazalas-MacBook-Pro.local" name="iOS_Automation.Edit_RFC" tests="1" failures="0" timestamp="02 Jan 2018 06:50:44 GMT" time="136.625" errors="0">
  <testcase name="add_RFC" time="136.625" classname="iOS_Automation.Edit_RFC"/>
</testsuite> <!-- iOS_Automation.Edit_RFC -->
