<?xml version="1.0" encoding="UTF-8"?>
<!-- Generated by org.testng.reporters.JUnitReportReporter -->
<testsuite skipped="0" hostname="Ghazalas-MacBook-Pro.local" name="iOS_Automation.Filter_Tiendadeautoservicio" tests="1" failures="0" timestamp="12 Dec 2017 20:59:31 GMT" time="144.515" errors="0">
  <testcase name="Search_Location" time="144.515" classname="iOS_Automation.Filter_Tiendadeautoservicio"/>
</testsuite> <!-- iOS_Automation.Filter_Tiendadeautoservicio -->
