<?xml version="1.0" encoding="UTF-8"?>
<!-- Generated by org.testng.reporters.JUnitReportReporter -->
<testsuite skipped="0" hostname="Ghazalas-MacBook-Pro.local" name="iOS_Automation.Filter_Baños" tests="1" failures="0" timestamp="13 Dec 2017 14:01:53 GMT" time="161.623" errors="0">
  <testcase name="Search_Location" time="161.623" classname="iOS_Automation.Filter_Baños"/>
</testsuite> <!-- iOS_Automation.Filter_Baños -->
