<?xml version="1.0" encoding="UTF-8"?>
<!-- Generated by org.testng.reporters.JUnitReportReporter -->
<testsuite skipped="0" hostname="Ghazalas-MacBook-Pro.local" name="iOS_Automation.Filter_Cafetería" tests="1" failures="0" timestamp="13 Dec 2017 14:09:58 GMT" time="158.163" errors="0">
  <testcase name="Search_Location" time="158.163" classname="iOS_Automation.Filter_Cafetería"/>
</testsuite> <!-- iOS_Automation.Filter_Cafetería -->
