<?xml version="1.0" encoding="UTF-8"?>
<!-- Generated by org.testng.reporters.JUnitReportReporter -->
<testsuite skipped="0" hostname="Ghazalas-MacBook-Pro.local" name="iOS_Automation.Click_On_History" tests="1" failures="0" timestamp="13 Dec 2017 13:43:57 GMT" time="117.118" errors="0">
  <testcase name="click_on_History" time="117.118" classname="iOS_Automation.Click_On_History"/>
</testsuite> <!-- iOS_Automation.Click_On_History -->
