<?xml version="1.0" encoding="UTF-8"?>
<!-- Generated by org.testng.reporters.JUnitReportReporter -->
<testsuite skipped="0" hostname="Ghazalas-MacBook-Pro.local" name="iOS_Automation.Reset_StationFilter" tests="1" failures="0" timestamp="12 Dec 2017 21:57:25 GMT" time="149.313" errors="0">
  <testcase name="Search_Location" time="149.313" classname="iOS_Automation.Reset_StationFilter"/>
</testsuite> <!-- iOS_Automation.Reset_StationFilter -->
