<?xml version="1.0" encoding="UTF-8"?>
<!-- Generated by org.testng.reporters.JUnitReportReporter -->
<testsuite skipped="0" hostname="Ghazalas-MacBook-Pro.local" name="iOS_Automation.Add_RFC_Extranjero" tests="1" failures="0" timestamp="02 Jan 2018 07:24:17 GMT" time="464.846" errors="0">
  <testcase name="add_RFC" time="464.846" classname="iOS_Automation.Add_RFC_Extranjero"/>
</testsuite> <!-- iOS_Automation.Add_RFC_Extranjero -->
