<?xml version="1.0" encoding="UTF-8"?>
<!-- Generated by org.testng.reporters.JUnitReportReporter -->
<testsuite skipped="0" hostname="Ghazalas-MacBook-Pro.local" name="iOS_Automation.BP_Login" tests="1" failures="0" timestamp="05 Dec 2017 19:37:55 GMT" time="80.026" errors="0">
  <testcase name="Login_to_BpMex" time="80.026" classname="iOS_Automation.BP_Login"/>
</testsuite> <!-- iOS_Automation.BP_Login -->
