<?xml version="1.0" encoding="UTF-8"?>
<!-- Generated by org.testng.reporters.JUnitReportReporter -->
<testsuite skipped="0" hostname="Ghazalas-MacBook-Pro.local" name="iOS_Automation.Add_RFC_Fiscal" tests="1" failures="0" timestamp="02 Jan 2018 07:33:54 GMT" time="347.325" errors="0">
  <testcase name="add_RFC" time="347.325" classname="iOS_Automation.Add_RFC_Fiscal"/>
</testsuite> <!-- iOS_Automation.Add_RFC_Fiscal -->
