<?xml version="1.0" encoding="UTF-8"?>
<!-- Generated by org.testng.reporters.JUnitReportReporter -->
<testsuite skipped="0" hostname="Ghazalas-MacBook-Pro.local" name="iOS_Automation.Registration" tests="1" failures="0" timestamp="12 Dec 2017 18:34:30 GMT" time="105.184" errors="0">
  <testcase name="Register" time="105.184" classname="iOS_Automation.Registration"/>
</testsuite> <!-- iOS_Automation.Registration -->
