<?xml version="1.0" encoding="UTF-8"?>
<!-- Generated by org.testng.reporters.JUnitReportReporter -->
<testsuite skipped="0" hostname="Ghazalas-MacBook-Pro.local" name="android_Automation.Add_RFC_MORAL" tests="1" failures="0" timestamp="28 Mar 2018 07:49:43 GMT" time="152.570" errors="0">
  <testcase name="AddRfc" time="152.570" classname="android_Automation.Add_RFC_MORAL"/>
</testsuite> <!-- android_Automation.Add_RFC_MORAL -->
