<?xml version="1.0" encoding="UTF-8"?>
<!-- Generated by org.testng.reporters.JUnitReportReporter -->
<testsuite skipped="0" hostname="Ghazalas-MacBook-Pro.local" name="iOS_Automation.Shortest_Location" tests="1" failures="0" timestamp="02 Jan 2018 07:50:05 GMT" time="179.531" errors="0">
  <testcase name="Search_Location" time="179.531" classname="iOS_Automation.Shortest_Location"/>
</testsuite> <!-- iOS_Automation.Shortest_Location -->
