<?xml version="1.0" encoding="UTF-8"?>
<!-- Generated by org.testng.reporters.JUnitReportReporter -->
<testsuite skipped="0" hostname="Ghazalas-MacBook-Pro.local" name="android_Automation.Set_Favourite" tests="1" failures="0" timestamp="28 Mar 2018 12:13:32 GMT" time="87.601" errors="0">
  <testcase name="Favourite_BP" time="87.601" classname="android_Automation.Set_Favourite"/>
</testsuite> <!-- android_Automation.Set_Favourite -->
