<?xml version="1.0" encoding="UTF-8"?>
<!-- Generated by org.testng.reporters.JUnitReportReporter -->
<testsuite skipped="0" hostname="Ghazalas-MacBook-Pro.local" name="android_Automation.Add_RFC_Extranjero" tests="1" failures="0" timestamp="22 Apr 2018 15:28:04 GMT" time="157.302" errors="0">
  <testcase name="AddRfc" time="157.302" classname="android_Automation.Add_RFC_Extranjero"/>
</testsuite> <!-- android_Automation.Add_RFC_Extranjero -->
