<?xml version="1.0" encoding="UTF-8"?>
<!-- Generated by org.testng.reporters.JUnitReportReporter -->
<testsuite skipped="0" hostname="Ghazalas-MacBook-Pro.local" name="android_Automation.Filtros_Filter_Abireto_24_horas" tests="1" failures="0" timestamp="28 Mar 2018 07:56:37 GMT" time="84.228" errors="0">
  <testcase name="Filter_Abierto_24_horas" time="84.228" classname="android_Automation.Filtros_Filter_Abireto_24_horas"/>
</testsuite> <!-- android_Automation.Filtros_Filter_Abireto_24_horas -->
