<?xml version="1.0" encoding="UTF-8"?>
<!-- Generated by org.testng.reporters.JUnitReportReporter -->
<testsuite skipped="0" hostname="Ghazalas-MacBook-Pro.local" name="iOS_Automation.Add_RFC_Moral" tests="1" failures="0" timestamp="02 Jan 2018 07:13:39 GMT" time="322.632" errors="0">
  <testcase name="add_RFC" time="322.632" classname="iOS_Automation.Add_RFC_Moral"/>
</testsuite> <!-- iOS_Automation.Add_RFC_Moral -->
