<?xml version="1.0" encoding="UTF-8"?>
<!-- Generated by org.testng.reporters.JUnitReportReporter -->
<testsuite skipped="0" hostname="Ghazalas-MacBook-Pro.local" name="iOS_Automation.Login_Logout" tests="1" failures="0" timestamp="02 Jan 2018 05:58:19 GMT" time="101.056" errors="0">
  <testcase name="Login_to_BpMex" time="101.056" classname="iOS_Automation.Login_Logout"/>
</testsuite> <!-- iOS_Automation.Login_Logout -->
