<?xml version="1.0" encoding="UTF-8"?>
<!-- Generated by org.testng.reporters.JUnitReportReporter -->
<testsuite skipped="0" hostname="Ghazalas-MacBook-Pro.local" name="android_Automation.Calling_to_BP" tests="1" failures="0" timestamp="28 Mar 2018 13:04:22 GMT" time="95.651" errors="0">
  <testcase name="Call_To_BP" time="95.651" classname="android_Automation.Calling_to_BP"/>
</testsuite> <!-- android_Automation.Calling_to_BP -->
