<?xml version="1.0" encoding="UTF-8"?>
<!-- Generated by org.testng.reporters.JUnitReportReporter -->
<testsuite skipped="0" hostname="Ghazalas-MacBook-Pro.local" name="android_Automation.Click_RFC" tests="1" failures="0" timestamp="28 Mar 2018 12:44:20 GMT" time="61.173" errors="0">
  <testcase name="AddRfc" time="61.173" classname="android_Automation.Click_RFC"/>
</testsuite> <!-- android_Automation.Click_RFC -->
