<?xml version="1.0" encoding="UTF-8"?>
<!-- Generated by org.testng.reporters.JUnitReportReporter -->
<testsuite skipped="0" hostname="Ghazalas-MacBook-Pro.local" name="android_Automation.Filtros_Filter_Autolavado" tests="1" failures="0" timestamp="28 Mar 2018 07:58:53 GMT" time="83.061" errors="0">
  <testcase name="Filter_Autolavado" time="83.061" classname="android_Automation.Filtros_Filter_Autolavado"/>
</testsuite> <!-- android_Automation.Filtros_Filter_Autolavado -->
