<?xml version="1.0" encoding="UTF-8"?>
<!-- Generated by org.testng.reporters.JUnitReportReporter -->
<testsuite skipped="0" hostname="Ghazalas-MBP" name="android_Automation.Click_History_Date" tests="1" failures="0" timestamp="22 Jan 2018 19:13:01 GMT" time="41.902" errors="0">
  <testcase name="History_Date" time="41.902" classname="android_Automation.Click_History_Date"/>
</testsuite> <!-- android_Automation.Click_History_Date -->
