<?xml version="1.0" encoding="UTF-8"?>
<!-- Generated by org.testng.reporters.JUnitReportReporter -->
<testsuite skipped="0" hostname="Ghazalas-MacBook-Pro.local" name="android_Automation.Add_RFC" tests="1" failures="0" timestamp="16 Jan 2018 13:17:38 GMT" time="158.838" errors="0">
  <testcase name="AddRfc" time="158.838" classname="android_Automation.Add_RFC"/>
</testsuite> <!-- android_Automation.Add_RFC -->
