<?xml version="1.0" encoding="UTF-8"?>
<!-- Generated by org.testng.reporters.JUnitReportReporter -->
<testsuite skipped="0" hostname="Ghazalas-MacBook-Pro.local" name="android_Automation.Factura_Select_BP_EJE_3" tests="1" failures="0" timestamp="28 Mar 2018 12:37:08 GMT" time="40.133" errors="0">
  <testcase name="Select_BP_EJE_3" time="40.133" classname="android_Automation.Factura_Select_BP_EJE_3"/>
</testsuite> <!-- android_Automation.Factura_Select_BP_EJE_3 -->
