<?xml version="1.0" encoding="UTF-8"?>
<!-- Generated by org.testng.reporters.JUnitReportReporter -->
<testsuite skipped="0" hostname="Ghazalas-MacBook-Pro.local" name="iOS_Automation.Add_RFC" tests="1" failures="0" timestamp="23 Dec 2017 13:26:59 GMT" time="326.243" errors="0">
  <testcase name="add_RFC" time="326.243" classname="iOS_Automation.Add_RFC"/>
</testsuite> <!-- iOS_Automation.Add_RFC -->
