<?xml version="1.0" encoding="UTF-8"?>
<!-- Generated by org.testng.reporters.JUnitReportReporter -->
<testsuite skipped="0" hostname="Ghazalas-MacBook-Pro.local" name="iOS_Automation.Facturar" tests="1" failures="0" timestamp="02 Jan 2018 06:43:46 GMT" time="208.363" errors="0">
  <testcase name="Check_Facturar" time="208.363" classname="iOS_Automation.Facturar"/>
</testsuite> <!-- iOS_Automation.Facturar -->
