<?xml version="1.0" encoding="UTF-8"?>
<!-- Generated by org.testng.reporters.JUnitReportReporter -->
<testsuite skipped="0" hostname="Ghazalas-MacBook-Pro.local" name="iOS_Automation.Filter_Abierto24horas" tests="1" failures="0" timestamp="13 Dec 2017 13:49:14 GMT" time="154.719" errors="0">
  <testcase name="Search_Location" time="154.719" classname="iOS_Automation.Filter_Abierto24horas"/>
</testsuite> <!-- iOS_Automation.Filter_Abierto24horas -->
