<?xml version="1.0" encoding="UTF-8"?>
<!-- Generated by org.testng.reporters.JUnitReportReporter -->
<testsuite skipped="0" hostname="Ghazalas-MacBook-Pro.local" name="iOS_Automation.Click_On_StationFinder" tests="1" failures="0" timestamp="13 Dec 2017 13:46:18 GMT" time="113.236" errors="0">
  <testcase name="click_on_station_finder" time="113.236" classname="iOS_Automation.Click_On_StationFinder"/>
</testsuite> <!-- iOS_Automation.Click_On_StationFinder -->
